<?xml version="1.0" encoding="UTF-8"?>
<testng-results ignored="0" total="1" passed="1" failed="0" skipped="0">
  <reporter-output>
  </reporter-output>
  <suite started-at="2025-05-03T19:37:49 IST" name="Surefire suite" finished-at="2025-05-03T19:38:37 IST" duration-ms="48935">
    <groups>
    </groups>
    <test started-at="2025-05-03T19:37:49 IST" name="Surefire test" finished-at="2025-05-03T19:38:37 IST" duration-ms="48935">
      <class name="tests.LoginTests">
        <test-method is-config="true" signature="setup()[pri:0, instance:tests.LoginTests@5b0abc94]" started-at="2025-05-03T19:37:49 IST" name="setup" finished-at="2025-05-03T19:38:35 IST" duration-ms="46399" status="PASS">
          <reporter-output>
          </reporter-output>
        </test-method> <!-- setup -->
        <test-method signature="checkcredentials()[pri:0, instance:tests.LoginTests@5b0abc94]" started-at="2025-05-03T19:38:35 IST" name="checkcredentials" finished-at="2025-05-03T19:38:37 IST" duration-ms="2458" status="PASS">
          <reporter-output>
          </reporter-output>
        </test-method> <!-- checkcredentials -->
        <test-method is-config="true" signature="teardown()[pri:0, instance:tests.LoginTests@5b0abc94]" started-at="2025-05-03T19:38:37 IST" name="teardown" finished-at="2025-05-03T19:38:37 IST" duration-ms="1" status="PASS">
          <reporter-output>
          </reporter-output>
        </test-method> <!-- teardown -->
      </class> <!-- tests.LoginTests -->
    </test> <!-- Surefire test -->
  </suite> <!-- Surefire suite -->
</testng-results>
