<?xml version="1.0" encoding="UTF-8"?>
<testng-results ignored="0" total="1" passed="1" failed="0" skipped="0">
  <reporter-output>
  </reporter-output>
  <suite started-at="2025-05-03T20:41:51 IST" name="Default suite" finished-at="2025-05-03T20:42:00 IST" duration-ms="8641">
    <groups>
    </groups>
    <test started-at="2025-05-03T20:41:51 IST" name="Default test" finished-at="2025-05-03T20:42:00 IST" duration-ms="8641">
      <class name="tests.LoginTests">
        <test-method is-config="true" signature="setup()[pri:0, instance:tests.LoginTests@76505305]" started-at="2025-05-03T20:41:51 IST" name="setup" finished-at="2025-05-03T20:41:58 IST" duration-ms="6818" status="PASS">
          <reporter-output>
          </reporter-output>
        </test-method> <!-- setup -->
        <test-method signature="checkcredentials()[pri:0, instance:tests.LoginTests@76505305]" started-at="2025-05-03T20:41:58 IST" name="checkcredentials" finished-at="2025-05-03T20:42:00 IST" duration-ms="1708" status="PASS">
          <reporter-output>
          </reporter-output>
        </test-method> <!-- checkcredentials -->
        <test-method is-config="true" signature="teardown()[pri:0, instance:tests.LoginTests@76505305]" started-at="2025-05-03T20:42:00 IST" name="teardown" finished-at="2025-05-03T20:42:00 IST" duration-ms="2" status="PASS">
          <reporter-output>
          </reporter-output>
        </test-method> <!-- teardown -->
      </class> <!-- tests.LoginTests -->
    </test> <!-- Default test -->
  </suite> <!-- Default suite -->
</testng-results>
